PLINK v1.90p 64-bit (9 Jan 2018)
Options in effect:
  --bfile ../Data/pruneddata
  --double-id
  --keep separate_files/filter_Verus_good
  --out separate_files/filter_Verus
  --recode

Hostname: a00730.science.domain
Working directory: /home/mjq483/exam/Chimp_Selection-popgen2018/Heterozygosity
Start time: Mon Apr  2 11:11:48 2018

Random number seed: 1522660308
48123 MB RAM detected; reserving 24061 MB for main workspace.
46673 variants loaded from .bim file.
29 people (0 males, 0 females, 29 ambiguous) loaded from .fam.
Ambiguous sex IDs written to separate_files/filter_Verus.nosex .
--keep: 6 people remaining.
Using 1 thread (no multithreaded calculations invoked).
Before main variant filters, 6 founders and 0 nonfounders present.
Calculating allele frequencies... done.
Total genotyping rate in remaining samples is 0.970636.
46673 variants and 6 people pass filters and QC.
Note: No phenotypes present.
--recode ped to separate_files/filter_Verus.ped +
separate_files/filter_Verus.map ... done.

End time: Mon Apr  2 11:11:48 2018
