PLINK v1.90p 64-bit (9 Jan 2018)
Options in effect:
  --bfile pruneddata
  --double-id
  --keep filter_Schwein_good
  --out filter_Schwein
  --recode

Hostname: a00730.science.domain
Working directory: /home/mjq483/exam
Start time: Fri Mar 16 17:30:54 2018

Random number seed: 1521217854
48123 MB RAM detected; reserving 24061 MB for main workspace.
46673 variants loaded from .bim file.
29 people (0 males, 0 females, 29 ambiguous) loaded from .fam.
Ambiguous sex IDs written to filter_Schwein.nosex .
--keep: 11 people remaining.
Using 1 thread (no multithreaded calculations invoked).
Before main variant filters, 11 founders and 0 nonfounders present.
Calculating allele frequencies... done.
Total genotyping rate in remaining samples is 0.963627.
46673 variants and 11 people pass filters and QC.
Note: No phenotypes present.
--recode ped to filter_Schwein.ped + filter_Schwein.map ... done.

End time: Fri Mar 16 17:30:57 2018
