PLINK v1.90p 64-bit (9 Jan 2018)
Options in effect:
  --bfile pruneddata
  --double-id
  --keep filter_Trogl_good
  --out filter_Trogl
  --recode

Hostname: a00730.science.domain
Working directory: /home/mjq483/exam
Start time: Fri Mar 16 17:32:09 2018

Random number seed: 1521217929
48123 MB RAM detected; reserving 24061 MB for main workspace.
46673 variants loaded from .bim file.
29 people (0 males, 0 females, 29 ambiguous) loaded from .fam.
Ambiguous sex IDs written to filter_Trogl.nosex .
--keep: 12 people remaining.
Using 1 thread (no multithreaded calculations invoked).
Before main variant filters, 12 founders and 0 nonfounders present.
Calculating allele frequencies... done.
Total genotyping rate in remaining samples is 0.973436.
46673 variants and 12 people pass filters and QC.
Note: No phenotypes present.
--recode ped to filter_Trogl.ped + filter_Trogl.map ... done.

End time: Fri Mar 16 17:32:09 2018
