PLINK v1.90p 64-bit (9 Jan 2018)
Options in effect:
  --file filter_Schwein
  --freq
  --noweb
  --out Pan_schwein

Hostname: a00730.science.domain
Working directory: /home/mjq483/exam/separate_files
Start time: Fri Mar 16 17:42:32 2018

Note: --noweb has no effect since no web check is implemented yet.
Random number seed: 1521218552
48123 MB RAM detected; reserving 24061 MB for main workspace.
Scanning .ped file... done.
Performing single-pass .bed write (46673 variants, 11 people).
--file: Pan_schwein-temporary.bed + Pan_schwein-temporary.bim +
Pan_schwein-temporary.fam written.
46673 variants loaded from .bim file.
11 people (0 males, 0 females, 11 ambiguous) loaded from .fam.
Ambiguous sex IDs written to Pan_schwein.nosex .
Using 1 thread (no multithreaded calculations invoked).
Before main variant filters, 11 founders and 0 nonfounders present.
Calculating allele frequencies... done.
Total genotyping rate is 0.963627.
--freq: Allele frequencies (founders only) written to Pan_schwein.frq .

End time: Fri Mar 16 17:42:33 2018
