PLINK v1.90p 64-bit (9 Jan 2018)
Options in effect:
  --file filter_Trogl
  --freq
  --noweb
  --out Pan_troglodytes

Hostname: a00730.science.domain
Working directory: /home/mjq483/exam/separate_files
Start time: Fri Mar 16 17:42:41 2018

Note: --noweb has no effect since no web check is implemented yet.
Random number seed: 1521218561
48123 MB RAM detected; reserving 24061 MB for main workspace.
Scanning .ped file... done.
Performing single-pass .bed write (46673 variants, 12 people).
--file: Pan_troglodytes-temporary.bed + Pan_troglodytes-temporary.bim +
Pan_troglodytes-temporary.fam written.
46673 variants loaded from .bim file.
12 people (0 males, 0 females, 12 ambiguous) loaded from .fam.
Ambiguous sex IDs written to Pan_troglodytes.nosex .
Using 1 thread (no multithreaded calculations invoked).
Before main variant filters, 12 founders and 0 nonfounders present.
Calculating allele frequencies... done.
Total genotyping rate is 0.973436.
--freq: Allele frequencies (founders only) written to Pan_troglodytes.frq .

End time: Fri Mar 16 17:42:41 2018
