PLINK v1.90p 64-bit (9 Jan 2018)
Options in effect:
  --file separate_files/filter_Schwein
  --freq
  --noweb
  --out heterozygosity/Pt_schwein

Hostname: a00730.science.domain
Working directory: /home/mjq483/exam/Chimp_Selection-popgen2018/Work_Sergio
Start time: Mon Mar 26 16:02:58 2018

Note: --noweb has no effect since no web check is implemented yet.
Random number seed: 1522072978
48123 MB RAM detected; reserving 24061 MB for main workspace.
Allocated 18045 MB successfully, after larger attempt(s) failed.
Scanning .ped file... done.
Performing single-pass .bed write (46673 variants, 11 people).
--file: heterozygosity/Pt_schwein-temporary.bed +
heterozygosity/Pt_schwein-temporary.bim +
heterozygosity/Pt_schwein-temporary.fam written.
46673 variants loaded from .bim file.
11 people (0 males, 0 females, 11 ambiguous) loaded from .fam.
Ambiguous sex IDs written to heterozygosity/Pt_schwein.nosex .
Using 1 thread (no multithreaded calculations invoked).
Before main variant filters, 11 founders and 0 nonfounders present.
Calculating allele frequencies... done.
Total genotyping rate is 0.963627.
--freq: Allele frequencies (founders only) written to
heterozygosity/Pt_schwein.frq .

End time: Mon Mar 26 16:02:58 2018
